Build started 11/19/2011 4:25:57 PM.
     1>Project "C:\Users\montem\Documents\openFramework\apps\project\KinectProject\ofxKinectExample.vcxproj" on node 3 (build target(s)).
     1>InitializeBuildStatus:
         Creating "obj\Debug\ofxKinectExample.unsuccessfulbuild" because "AlwaysCreate" was specified.
       ClCompile:
         All outputs are up-to-date.
       ResourceCompile:
         All outputs are up-to-date.
         All outputs are up-to-date.
       ManifestResourceCompile:
         All outputs are up-to-date.
       Link:
         All outputs are up-to-date.
       Manifest:
         All outputs are up-to-date.
       PostBuildEvent:
         Description: adding DLLs and creating data folder
         xcopy /e /i /y "C:\Users\montem\Documents\openFramework\apps\project\KinectProject\..\..\..\export\vs2010\*.dll" "C:\Users\montem\Documents\openFramework\apps\project\KinectProject\bin"
         if not exist "C:\Users\montem\Documents\openFramework\apps\project\KinectProject\bin\data" mkdir  "C:\Users\montem\Documents\openFramework\apps\project\KinectProject\bin\data"
         
         xcopy /e /i /y "C:\Users\montem\Documents\openFramework\apps\project\KinectProject\..\..\..\addons\ofxKinect\libs\libfreenect\lib\vs2010\*.dll" bin
         :VCEnd
         C:\Users\montem\Documents\openFramework\apps\project\KinectProject\..\..\..\export\vs2010\Assimp32.dll
         C:\Users\montem\Documents\openFramework\apps\project\KinectProject\..\..\..\export\vs2010\fmodex.dll
         C:\Users\montem\Documents\openFramework\apps\project\KinectProject\..\..\..\export\vs2010\fmodexL.dll
         C:\Users\montem\Documents\openFramework\apps\project\KinectProject\..\..\..\export\vs2010\FreeImage.dll
         C:\Users\montem\Documents\openFramework\apps\project\KinectProject\..\..\..\export\vs2010\FreeType-6.dll
         C:\Users\montem\Documents\openFramework\apps\project\KinectProject\..\..\..\export\vs2010\glut32.dll
         C:\Users\montem\Documents\openFramework\apps\project\KinectProject\..\..\..\export\vs2010\Zlib.dll
         7 File(s) copied
         C:\Users\montem\Documents\openFramework\apps\project\KinectProject\..\..\..\addons\ofxKinect\libs\libfreenect\lib\vs2010\freenect.dll
         1 File(s) copied
       FinalizeBuildStatus:
         Deleting file "obj\Debug\ofxKinectExample.unsuccessfulbuild".
         Touching "obj\Debug\ofxKinectExample.lastbuildstate".
     1>Done Building Project "C:\Users\montem\Documents\openFramework\apps\project\KinectProject\ofxKinectExample.vcxproj" (build target(s)).

Build succeeded.

Time Elapsed 00:00:00.49
