Build started 11/3/2011 4:11:57 PM.
     1>Project "C:\Users\Ed\Documents\Visual Studio 2010\ode-0.11.1\build\vs2008\ode.vcxproj" on node 3 (build target(s)).
     1>PrepareForBuild:
         Creating directory "..\..\lib\DebugDoubleDLL\".
       InitializeBuildStatus:
         Creating "obj\DebugDoubleDLL\ode\ode.unsuccessfulbuild" because "AlwaysCreate" was specified.
       ClCompile:
         c:\Program Files (x86)\Microsoft Visual Studio 10.0\VC\bin\CL.exe /c /I../../include /I../../ode/src /I../../ode/src/joints /I../../OPCODE /I../../GIMPACT/include /I../../ou/include /ZI /nologo /W3 /WX- /Od /Oy- /D _DEBUG /D dDOUBLE /D WIN32 /D _CRT_SECURE_NO_DEPRECATE /D ODE_DLL /D dDOUBLE /D _WINDLL /D _MBCS /Gm /EHsc /RTC1 /MDd /GS /Gy /fp:precise /Zc:wchar_t /Zc:forScope /Fo"obj\DebugDoubleDLL\ode\\" /Fd"..\..\lib\DebugDoubleDLL\ode.pdb" /Gd /TP /analyze- /errorReport:prompt ..\..\ode\src\joints\amotor.cpp ..\..\ode\src\joints\ball.cpp ..\..\ode\src\joints\contact.cpp ..\..\ode\src\joints\fixed.cpp ..\..\ode\src\joints\hinge.cpp ..\..\ode\src\joints\hinge2.cpp ..\..\ode\src\joints\joint.cpp ..\..\ode\src\joints\lmotor.cpp ..\..\ode\src\joints\null.cpp ..\..\ode\src\joints\piston.cpp ..\..\ode\src\joints\plane2d.cpp ..\..\ode\src\joints\pr.cpp ..\..\ode\src\joints\pu.cpp ..\..\ode\src\joints\slider.cpp ..\..\ode\src\joints\universal.cpp ..\..\ode\src\array.cpp ..\..\ode\src\box.cpp ..\..\ode\src\capsule.cpp ..\..\ode\src\collision_cylinder_box.cpp ..\..\ode\src\collision_cylinder_plane.cpp ..\..\ode\src\collision_cylinder_sphere.cpp ..\..\ode\src\collision_cylinder_trimesh.cpp ..\..\ode\src\collision_kernel.cpp ..\..\ode\src\collision_quadtreespace.cpp ..\..\ode\src\collision_sapspace.cpp ..\..\ode\src\collision_space.cpp ..\..\ode\src\collision_transform.cpp ..\..\ode\src\collision_trimesh_box.cpp ..\..\ode\src\collision_trimesh_ccylinder.cpp ..\..\ode\src\collision_trimesh_disabled.cpp ..\..\ode\src\collision_trimesh_distance.cpp ..\..\ode\src\collision_trimesh_gimpact.cpp ..\..\ode\src\collision_trimesh_opcode.cpp ..\..\ode\src\collision_trimesh_plane.cpp ..\..\ode\src\collision_trimesh_ray.cpp ..\..\ode\src\collision_trimesh_sphere.cpp ..\..\ode\src\collision_trimesh_trimesh.cpp ..\..\ode\src\collision_trimesh_trimesh_new.cpp ..\..\ode\src\collision_util.cpp ..\..\ode\src\convex.cpp ..\..\ode\src\cylinder.cpp ..\..\ode\src\error.cpp "..\..\ode\src\export-dif.cpp" ..\..\ode\src\heightfield.cpp ..\..\ode\src\lcp.cpp ..\..\ode\src\mass.cpp ..\..\ode\src\mat.cpp ..\..\ode\src\matrix.cpp ..\..\ode\src\memory.cpp ..\..\ode\src\misc.cpp ..\..\ode\src\obstack.cpp ..\..\ode\src\ode.cpp ..\..\ode\src\odeinit.cpp ..\..\ode\src\odemath.cpp ..\..\ode\src\odeou.cpp ..\..\ode\src\odetls.cpp ..\..\ode\src\plane.cpp ..\..\ode\src\quickstep.cpp ..\..\ode\src\ray.cpp ..\..\ode\src\rotation.cpp ..\..\ode\src\sphere.cpp ..\..\ode\src\step.cpp ..\..\ode\src\stepfast.cpp ..\..\ode\src\testing.cpp ..\..\ode\src\timer.cpp ..\..\ode\src\util.cpp ..\..\OPCODE\Ice\IceAABB.cpp ..\..\OPCODE\Ice\IceContainer.cpp ..\..\OPCODE\Ice\IceHPoint.cpp ..\..\OPCODE\Ice\IceIndexedTriangle.cpp ..\..\OPCODE\Ice\IceMatrix3x3.cpp ..\..\OPCODE\Ice\IceMatrix4x4.cpp ..\..\OPCODE\Ice\IceOBB.cpp ..\..\OPCODE\Ice\IcePlane.cpp ..\..\OPCODE\Ice\IcePoint.cpp ..\..\OPCODE\Ice\IceRandom.cpp ..\..\OPCODE\Ice\IceRay.cpp ..\..\OPCODE\Ice\IceRevisitedRadix.cpp ..\..\OPCODE\Ice\IceSegment.cpp ..\..\OPCODE\Ice\IceTriangle.cpp ..\..\OPCODE\Ice\IceUtils.cpp ..\..\OPCODE\Opcode.cpp ..\..\OPCODE\OPC_AABBCollider.cpp ..\..\OPCODE\OPC_AABBTree.cpp ..\..\OPCODE\OPC_BaseModel.cpp ..\..\OPCODE\OPC_Collider.cpp ..\..\OPCODE\OPC_Common.cpp ..\..\OPCODE\OPC_HybridModel.cpp ..\..\OPCODE\OPC_LSSCollider.cpp ..\..\OPCODE\OPC_MeshInterface.cpp ..\..\OPCODE\OPC_Model.cpp ..\..\OPCODE\OPC_OBBCollider.cpp ..\..\OPCODE\OPC_OptimizedTree.cpp ..\..\OPCODE\OPC_Picking.cpp ..\..\OPCODE\OPC_PlanesCollider.cpp ..\..\OPCODE\OPC_RayCollider.cpp ..\..\OPCODE\OPC_SphereCollider.cpp ..\..\OPCODE\OPC_TreeBuilders.cpp ..\..\OPCODE\OPC_TreeCollider.cpp ..\..\OPCODE\OPC_VolumeCollider.cpp
         OPC_VolumeCollider.cpp
         OPC_TreeCollider.cpp
         OPC_TreeBuilders.cpp
         OPC_SphereCollider.cpp
         OPC_RayCollider.cpp
         OPC_PlanesCollider.cpp
         OPC_Picking.cpp
         OPC_OptimizedTree.cpp
         OPC_OBBCollider.cpp
         OPC_Model.cpp
         OPC_MeshInterface.cpp
         OPC_LSSCollider.cpp
         OPC_HybridModel.cpp
         OPC_Common.cpp
         OPC_Collider.cpp
         OPC_BaseModel.cpp
         OPC_AABBTree.cpp
         OPC_AABBCollider.cpp
         Opcode.cpp
         IceUtils.cpp
         Generating Code...
         Compiling...
         IceTriangle.cpp
         IceSegment.cpp
         IceRevisitedRadix.cpp
         IceRay.cpp
         IceRandom.cpp
         IcePoint.cpp
         IcePlane.cpp
         IceOBB.cpp
         IceMatrix4x4.cpp
         IceMatrix3x3.cpp
         IceIndexedTriangle.cpp
         IceHPoint.cpp
         IceContainer.cpp
         IceAABB.cpp
         util.cpp
         timer.cpp
         testing.cpp
         stepfast.cpp
         step.cpp
         sphere.cpp
         Generating Code...
         Compiling...
         rotation.cpp
         ray.cpp
         quickstep.cpp
         plane.cpp
         odetls.cpp
         odeou.cpp
         odemath.cpp
         odeinit.cpp
         ode.cpp
         obstack.cpp
         misc.cpp
         memory.cpp
         matrix.cpp
         mat.cpp
         mass.cpp
         lcp.cpp
         heightfield.cpp
         export-dif.cpp
         error.cpp
         cylinder.cpp
         Generating Code...
         Compiling...
         convex.cpp
     1>c:\users\ed\documents\visual studio 2010\ode-0.11.1\ode\src\convex.cpp(343): warning C4244: 'initializing' : conversion from 'dReal' to 'float', possible loss of data
     1>c:\users\ed\documents\visual studio 2010\ode-0.11.1\ode\src\convex.cpp(344): warning C4244: 'initializing' : conversion from 'dReal' to 'float', possible loss of data
     1>c:\users\ed\documents\visual studio 2010\ode-0.11.1\ode\src\convex.cpp(345): warning C4244: 'initializing' : conversion from 'dReal' to 'float', possible loss of data
     1>c:\users\ed\documents\visual studio 2010\ode-0.11.1\ode\src\convex.cpp(355): warning C4244: 'return' : conversion from 'dReal' to 'float', possible loss of data
     1>c:\users\ed\documents\visual studio 2010\ode-0.11.1\ode\src\convex.cpp(366): warning C4244: 'initializing' : conversion from 'dReal' to 'float', possible loss of data
     1>c:\users\ed\documents\visual studio 2010\ode-0.11.1\ode\src\convex.cpp(376): warning C4244: 'initializing' : conversion from 'dReal' to 'float', possible loss of data
     1>c:\users\ed\documents\visual studio 2010\ode-0.11.1\ode\src\convex.cpp(429): warning C4244: 'return' : conversion from 'dReal' to 'float', possible loss of data
         collision_util.cpp
         collision_trimesh_trimesh_new.cpp
         collision_trimesh_trimesh.cpp
         collision_trimesh_sphere.cpp
     1>c:\users\ed\documents\visual studio 2010\ode-0.11.1\ode\src\collision_trimesh_sphere.cpp(263): warning C4244: '=' : conversion from 'const dReal' to 'float', possible loss of data
     1>c:\users\ed\documents\visual studio 2010\ode-0.11.1\ode\src\collision_trimesh_sphere.cpp(264): warning C4244: '=' : conversion from 'const dReal' to 'float', possible loss of data
     1>c:\users\ed\documents\visual studio 2010\ode-0.11.1\ode\src\collision_trimesh_sphere.cpp(265): warning C4244: '=' : conversion from 'const dReal' to 'float', possible loss of data
     1>c:\users\ed\documents\visual studio 2010\ode-0.11.1\ode\src\collision_trimesh_sphere.cpp(266): warning C4244: '=' : conversion from 'dReal' to 'float', possible loss of data
         collision_trimesh_ray.cpp
     1>c:\users\ed\documents\visual studio 2010\ode-0.11.1\ode\src\collision_trimesh_ray.cpp(62): warning C4244: 'argument' : conversion from 'dReal' to 'float', possible loss of data
     1>c:\users\ed\documents\visual studio 2010\ode-0.11.1\ode\src\collision_trimesh_ray.cpp(69): warning C4244: '=' : conversion from 'dReal' to 'float', possible loss of data
     1>c:\users\ed\documents\visual studio 2010\ode-0.11.1\ode\src\collision_trimesh_ray.cpp(70): warning C4244: '=' : conversion from 'dReal' to 'float', possible loss of data
     1>c:\users\ed\documents\visual studio 2010\ode-0.11.1\ode\src\collision_trimesh_ray.cpp(71): warning C4244: '=' : conversion from 'dReal' to 'float', possible loss of data
     1>c:\users\ed\documents\visual studio 2010\ode-0.11.1\ode\src\collision_trimesh_ray.cpp(72): warning C4244: '=' : conversion from 'dReal' to 'float', possible loss of data
     1>c:\users\ed\documents\visual studio 2010\ode-0.11.1\ode\src\collision_trimesh_ray.cpp(73): warning C4244: '=' : conversion from 'dReal' to 'float', possible loss of data
     1>c:\users\ed\documents\visual studio 2010\ode-0.11.1\ode\src\collision_trimesh_ray.cpp(74): warning C4244: '=' : conversion from 'dReal' to 'float', possible loss of data
         collision_trimesh_plane.cpp
         collision_trimesh_opcode.cpp
         collision_trimesh_gimpact.cpp
         collision_trimesh_distance.cpp
         collision_trimesh_disabled.cpp
         collision_trimesh_ccylinder.cpp
     1>c:\users\ed\documents\visual studio 2010\ode-0.11.1\ode\src\collision_trimesh_ccylinder.cpp(1010): warning C4244: 'argument' : conversion from 'const dReal' to 'float', possible loss of data
     1>c:\users\ed\documents\visual studio 2010\ode-0.11.1\ode\src\collision_trimesh_ccylinder.cpp(1010): warning C4244: 'argument' : conversion from 'const dReal' to 'float', possible loss of data
     1>c:\users\ed\documents\visual studio 2010\ode-0.11.1\ode\src\collision_trimesh_ccylinder.cpp(1010): warning C4244: 'argument' : conversion from 'const dReal' to 'float', possible loss of data
     1>c:\users\ed\documents\visual studio 2010\ode-0.11.1\ode\src\collision_trimesh_ccylinder.cpp(1011): warning C4244: 'argument' : conversion from 'const dReal' to 'float', possible loss of data
     1>c:\users\ed\documents\visual studio 2010\ode-0.11.1\ode\src\collision_trimesh_ccylinder.cpp(1011): warning C4244: 'argument' : conversion from 'const dReal' to 'float', possible loss of data
     1>c:\users\ed\documents\visual studio 2010\ode-0.11.1\ode\src\collision_trimesh_ccylinder.cpp(1011): warning C4244: 'argument' : conversion from 'const dReal' to 'float', possible loss of data
     1>c:\users\ed\documents\visual studio 2010\ode-0.11.1\ode\src\collision_trimesh_ccylinder.cpp(1017): warning C4244: '=' : conversion from 'const dReal' to 'float', possible loss of data
     1>c:\users\ed\documents\visual studio 2010\ode-0.11.1\ode\src\collision_trimesh_ccylinder.cpp(1018): warning C4244: '=' : conversion from 'const dReal' to 'float', possible loss of data
     1>c:\users\ed\documents\visual studio 2010\ode-0.11.1\ode\src\collision_trimesh_ccylinder.cpp(1019): warning C4244: '=' : conversion from 'const dReal' to 'float', possible loss of data
     1>c:\users\ed\documents\visual studio 2010\ode-0.11.1\ode\src\collision_trimesh_ccylinder.cpp(1021): warning C4244: '=' : conversion from 'const dReal' to 'float', possible loss of data
     1>c:\users\ed\documents\visual studio 2010\ode-0.11.1\ode\src\collision_trimesh_ccylinder.cpp(1022): warning C4244: '=' : conversion from 'const dReal' to 'float', possible loss of data
     1>c:\users\ed\documents\visual studio 2010\ode-0.11.1\ode\src\collision_trimesh_ccylinder.cpp(1023): warning C4244: '=' : conversion from 'const dReal' to 'float', possible loss of data
     1>c:\users\ed\documents\visual studio 2010\ode-0.11.1\ode\src\collision_trimesh_ccylinder.cpp(1025): warning C4244: '=' : conversion from 'const dReal' to 'float', possible loss of data
     1>c:\users\ed\documents\visual studio 2010\ode-0.11.1\ode\src\collision_trimesh_ccylinder.cpp(1026): warning C4244: '=' : conversion from 'const dReal' to 'float', possible loss of data
     1>c:\users\ed\documents\visual studio 2010\ode-0.11.1\ode\src\collision_trimesh_ccylinder.cpp(1027): warning C4244: '=' : conversion from 'const dReal' to 'float', possible loss of data
         collision_trimesh_box.cpp
     1>c:\users\ed\documents\visual studio 2010\ode-0.11.1\ode\src\collision_trimesh_box.cpp(1182): warning C4244: '=' : conversion from 'const dReal' to 'float', possible loss of data
     1>c:\users\ed\documents\visual studio 2010\ode-0.11.1\ode\src\collision_trimesh_box.cpp(1183): warning C4244: '=' : conversion from 'const dReal' to 'float', possible loss of data
     1>c:\users\ed\documents\visual studio 2010\ode-0.11.1\ode\src\collision_trimesh_box.cpp(1184): warning C4244: '=' : conversion from 'const dReal' to 'float', possible loss of data
     1>c:\users\ed\documents\visual studio 2010\ode-0.11.1\ode\src\collision_trimesh_box.cpp(1192): warning C4244: '=' : conversion from 'const dReal' to 'float', possible loss of data
     1>c:\users\ed\documents\visual studio 2010\ode-0.11.1\ode\src\collision_trimesh_box.cpp(1193): warning C4244: '=' : conversion from 'const dReal' to 'float', possible loss of data
     1>c:\users\ed\documents\visual studio 2010\ode-0.11.1\ode\src\collision_trimesh_box.cpp(1194): warning C4244: '=' : conversion from 'const dReal' to 'float', possible loss of data
     1>c:\users\ed\documents\visual studio 2010\ode-0.11.1\ode\src\collision_trimesh_box.cpp(1196): warning C4244: '=' : conversion from 'const dReal' to 'float', possible loss of data
     1>c:\users\ed\documents\visual studio 2010\ode-0.11.1\ode\src\collision_trimesh_box.cpp(1197): warning C4244: '=' : conversion from 'const dReal' to 'float', possible loss of data
     1>c:\users\ed\documents\visual studio 2010\ode-0.11.1\ode\src\collision_trimesh_box.cpp(1198): warning C4244: '=' : conversion from 'const dReal' to 'float', possible loss of data
     1>c:\users\ed\documents\visual studio 2010\ode-0.11.1\ode\src\collision_trimesh_box.cpp(1200): warning C4244: '=' : conversion from 'const dReal' to 'float', possible loss of data
     1>c:\users\ed\documents\visual studio 2010\ode-0.11.1\ode\src\collision_trimesh_box.cpp(1201): warning C4244: '=' : conversion from 'const dReal' to 'float', possible loss of data
     1>c:\users\ed\documents\visual studio 2010\ode-0.11.1\ode\src\collision_trimesh_box.cpp(1202): warning C4244: '=' : conversion from 'const dReal' to 'float', possible loss of data
     1>c:\users\ed\documents\visual studio 2010\ode-0.11.1\ode\src\collision_trimesh_box.cpp(1204): warning C4244: '=' : conversion from 'const dReal' to 'float', possible loss of data
     1>c:\users\ed\documents\visual studio 2010\ode-0.11.1\ode\src\collision_trimesh_box.cpp(1205): warning C4244: '=' : conversion from 'const dReal' to 'float', possible loss of data
     1>c:\users\ed\documents\visual studio 2010\ode-0.11.1\ode\src\collision_trimesh_box.cpp(1206): warning C4244: '=' : conversion from 'const dReal' to 'float', possible loss of data
         collision_transform.cpp
         collision_space.cpp
         collision_sapspace.cpp
         collision_quadtreespace.cpp
         collision_kernel.cpp
         collision_cylinder_trimesh.cpp
     1>c:\users\ed\documents\visual studio 2010\ode-0.11.1\ode\src\collision_cylinder_trimesh.cpp(973): warning C4244: 'argument' : conversion from 'const dReal' to 'float', possible loss of data
     1>c:\users\ed\documents\visual studio 2010\ode-0.11.1\ode\src\collision_cylinder_trimesh.cpp(973): warning C4244: 'argument' : conversion from 'const dReal' to 'float', possible loss of data
     1>c:\users\ed\documents\visual studio 2010\ode-0.11.1\ode\src\collision_cylinder_trimesh.cpp(973): warning C4244: 'argument' : conversion from 'const dReal' to 'float', possible loss of data
     1>c:\users\ed\documents\visual studio 2010\ode-0.11.1\ode\src\collision_cylinder_trimesh.cpp(975): warning C4244: 'argument' : conversion from 'dReal' to 'float', possible loss of data
     1>c:\users\ed\documents\visual studio 2010\ode-0.11.1\ode\src\collision_cylinder_trimesh.cpp(975): warning C4244: 'argument' : conversion from 'dReal' to 'float', possible loss of data
     1>c:\users\ed\documents\visual studio 2010\ode-0.11.1\ode\src\collision_cylinder_trimesh.cpp(975): warning C4244: 'argument' : conversion from 'dReal' to 'float', possible loss of data
     1>c:\users\ed\documents\visual studio 2010\ode-0.11.1\ode\src\collision_cylinder_trimesh.cpp(976): warning C4244: '=' : conversion from 'dReal' to 'float', possible loss of data
     1>c:\users\ed\documents\visual studio 2010\ode-0.11.1\ode\src\collision_cylinder_trimesh.cpp(988): warning C4244: '=' : conversion from 'const dReal' to 'float', possible loss of data
     1>c:\users\ed\documents\visual studio 2010\ode-0.11.1\ode\src\collision_cylinder_trimesh.cpp(989): warning C4244: '=' : conversion from 'const dReal' to 'float', possible loss of data
     1>c:\users\ed\documents\visual studio 2010\ode-0.11.1\ode\src\collision_cylinder_trimesh.cpp(990): warning C4244: '=' : conversion from 'const dReal' to 'float', possible loss of data
     1>c:\users\ed\documents\visual studio 2010\ode-0.11.1\ode\src\collision_cylinder_trimesh.cpp(992): warning C4244: '=' : conversion from 'const dReal' to 'float', possible loss of data
     1>c:\users\ed\documents\visual studio 2010\ode-0.11.1\ode\src\collision_cylinder_trimesh.cpp(993): warning C4244: '=' : conversion from 'const dReal' to 'float', possible loss of data
     1>c:\users\ed\documents\visual studio 2010\ode-0.11.1\ode\src\collision_cylinder_trimesh.cpp(994): warning C4244: '=' : conversion from 'const dReal' to 'float', possible loss of data
     1>c:\users\ed\documents\visual studio 2010\ode-0.11.1\ode\src\collision_cylinder_trimesh.cpp(996): warning C4244: '=' : conversion from 'const dReal' to 'float', possible loss of data
     1>c:\users\ed\documents\visual studio 2010\ode-0.11.1\ode\src\collision_cylinder_trimesh.cpp(997): warning C4244: '=' : conversion from 'const dReal' to 'float', possible loss of data
     1>c:\users\ed\documents\visual studio 2010\ode-0.11.1\ode\src\collision_cylinder_trimesh.cpp(998): warning C4244: '=' : conversion from 'const dReal' to 'float', possible loss of data
         collision_cylinder_sphere.cpp
         Generating Code...
         Compiling...
         collision_cylinder_plane.cpp
         collision_cylinder_box.cpp
         capsule.cpp
         box.cpp
         array.cpp
         universal.cpp
         slider.cpp
         pu.cpp
         pr.cpp
         plane2d.cpp
         piston.cpp
         null.cpp
         lmotor.cpp
         joint.cpp
         hinge2.cpp
         hinge.cpp
         fixed.cpp
         contact.cpp
         ball.cpp
         amotor.cpp
         Generating Code...
         c:\Program Files (x86)\Microsoft Visual Studio 10.0\VC\bin\CL.exe /c /I../../include /I../../ode/src /I../../ode/src/joints /I../../OPCODE /I../../GIMPACT/include /I../../ou/include /ZI /nologo /W3 /WX- /Od /Oy- /D _DEBUG /D dDOUBLE /D WIN32 /D _CRT_SECURE_NO_DEPRECATE /D ODE_DLL /D dDOUBLE /D _WINDLL /D _MBCS /Gm /EHsc /RTC1 /MDd /GS /Gy /fp:precise /Zc:wchar_t /Zc:forScope /Fo"obj\DebugDoubleDLL\ode\\" /Fd"..\..\lib\DebugDoubleDLL\ode.pdb" /Gd /TC /analyze- /errorReport:prompt ..\..\ode\src\fastdot.c ..\..\ode\src\fastldlt.c ..\..\ode\src\fastlsolve.c ..\..\ode\src\fastltsolve.c
         fastltsolve.c
         fastlsolve.c
         fastldlt.c
         fastdot.c
         Generating Code...
       ManifestResourceCompile:
         C:\Program Files (x86)\Microsoft SDKs\Windows\v7.0A\bin\rc.exe /nologo /fo"obj\DebugDoubleDLL\ode\ode.dll.embed.manifest.res" obj\DebugDoubleDLL\ode\ode_manifest.rc 
     1>C:\Program Files (x86)\MSBuild\Microsoft.Cpp\v4.0\Microsoft.CppBuild.targets(990,5): warning MSB8012: TargetPath(C:\Users\Ed\Documents\Visual Studio 2010\ode-0.11.1\build\vs2008\..\..\lib\DebugDoubleDLL\ode.dll) does not match the Linker's OutputFile property value (C:\Users\Ed\Documents\Visual Studio 2010\ode-0.11.1\lib\DebugDoubleDLL\ode_doubled.dll). This may cause your project to build incorrectly. To correct this, please make sure that $(OutDir), $(TargetName) and $(TargetExt) property values match the value specified in %(Link.OutputFile).
     1>C:\Program Files (x86)\MSBuild\Microsoft.Cpp\v4.0\Microsoft.CppBuild.targets(992,5): warning MSB8012: TargetName(ode) does not match the Linker's OutputFile property value (ode_doubled). This may cause your project to build incorrectly. To correct this, please make sure that $(OutDir), $(TargetName) and $(TargetExt) property values match the value specified in %(Link.OutputFile).
       Link:
         c:\Program Files (x86)\Microsoft Visual Studio 10.0\VC\bin\link.exe /ERRORREPORT:PROMPT /OUT:"..\..\lib\DebugDoubleDLL\ode_doubled.dll" /INCREMENTAL /NOLOGO user32.lib kernel32.lib user32.lib gdi32.lib winspool.lib comdlg32.lib advapi32.lib shell32.lib ole32.lib oleaut32.lib uuid.lib odbc32.lib odbccp32.lib /MANIFEST /ManifestFile:"obj\DebugDoubleDLL\ode\ode.dll.intermediate.manifest" /MANIFESTUAC:"level='asInvoker' uiAccess='false'" /DEBUG /PDB:"..\..\lib\DebugDoubleDLL\ode.pdb" /SUBSYSTEM:WINDOWS /TLBID:1 /DYNAMICBASE /NXCOMPAT /IMPLIB:"..\..\lib\DebugDoubleDLL\ode_doubled.lib" /MACHINE:X86 /DLL obj\DebugDoubleDLL\ode\ode.dll.embed.manifest.res
         obj\DebugDoubleDLL\ode\amotor.obj
         obj\DebugDoubleDLL\ode\ball.obj
         obj\DebugDoubleDLL\ode\contact.obj
         obj\DebugDoubleDLL\ode\fixed.obj
         obj\DebugDoubleDLL\ode\hinge.obj
         obj\DebugDoubleDLL\ode\hinge2.obj
         obj\DebugDoubleDLL\ode\joint.obj
         obj\DebugDoubleDLL\ode\lmotor.obj
         obj\DebugDoubleDLL\ode\null.obj
         obj\DebugDoubleDLL\ode\piston.obj
         obj\DebugDoubleDLL\ode\plane2d.obj
         obj\DebugDoubleDLL\ode\pr.obj
         obj\DebugDoubleDLL\ode\pu.obj
         obj\DebugDoubleDLL\ode\slider.obj
         obj\DebugDoubleDLL\ode\universal.obj
         obj\DebugDoubleDLL\ode\fastdot.obj
         obj\DebugDoubleDLL\ode\fastldlt.obj
         obj\DebugDoubleDLL\ode\fastlsolve.obj
         obj\DebugDoubleDLL\ode\fastltsolve.obj
         obj\DebugDoubleDLL\ode\array.obj
         obj\DebugDoubleDLL\ode\box.obj
         obj\DebugDoubleDLL\ode\capsule.obj
         obj\DebugDoubleDLL\ode\collision_cylinder_box.obj
         obj\DebugDoubleDLL\ode\collision_cylinder_plane.obj
         obj\DebugDoubleDLL\ode\collision_cylinder_sphere.obj
         obj\DebugDoubleDLL\ode\collision_cylinder_trimesh.obj
         obj\DebugDoubleDLL\ode\collision_kernel.obj
         obj\DebugDoubleDLL\ode\collision_quadtreespace.obj
         obj\DebugDoubleDLL\ode\collision_sapspace.obj
         obj\DebugDoubleDLL\ode\collision_space.obj
         obj\DebugDoubleDLL\ode\collision_transform.obj
         obj\DebugDoubleDLL\ode\collision_trimesh_box.obj
         obj\DebugDoubleDLL\ode\collision_trimesh_ccylinder.obj
         obj\DebugDoubleDLL\ode\collision_trimesh_disabled.obj
         obj\DebugDoubleDLL\ode\collision_trimesh_distance.obj
         obj\DebugDoubleDLL\ode\collision_trimesh_gimpact.obj
         obj\DebugDoubleDLL\ode\collision_trimesh_opcode.obj
         obj\DebugDoubleDLL\ode\collision_trimesh_plane.obj
         obj\DebugDoubleDLL\ode\collision_trimesh_ray.obj
         obj\DebugDoubleDLL\ode\collision_trimesh_sphere.obj
         obj\DebugDoubleDLL\ode\collision_trimesh_trimesh.obj
         obj\DebugDoubleDLL\ode\collision_trimesh_trimesh_new.obj
         obj\DebugDoubleDLL\ode\collision_util.obj
         obj\DebugDoubleDLL\ode\convex.obj
         obj\DebugDoubleDLL\ode\cylinder.obj
         obj\DebugDoubleDLL\ode\error.obj
         "obj\DebugDoubleDLL\ode\export-dif.obj"
         obj\DebugDoubleDLL\ode\heightfield.obj
         obj\DebugDoubleDLL\ode\lcp.obj
         obj\DebugDoubleDLL\ode\mass.obj
         obj\DebugDoubleDLL\ode\mat.obj
         obj\DebugDoubleDLL\ode\matrix.obj
         obj\DebugDoubleDLL\ode\memory.obj
         obj\DebugDoubleDLL\ode\misc.obj
         obj\DebugDoubleDLL\ode\obstack.obj
         obj\DebugDoubleDLL\ode\ode.obj
         obj\DebugDoubleDLL\ode\odeinit.obj
         obj\DebugDoubleDLL\ode\odemath.obj
         obj\DebugDoubleDLL\ode\odeou.obj
         obj\DebugDoubleDLL\ode\odetls.obj
         obj\DebugDoubleDLL\ode\plane.obj
         obj\DebugDoubleDLL\ode\quickstep.obj
         obj\DebugDoubleDLL\ode\ray.obj
         obj\DebugDoubleDLL\ode\rotation.obj
         obj\DebugDoubleDLL\ode\sphere.obj
         obj\DebugDoubleDLL\ode\step.obj
         obj\DebugDoubleDLL\ode\stepfast.obj
         obj\DebugDoubleDLL\ode\testing.obj
         obj\DebugDoubleDLL\ode\timer.obj
         obj\DebugDoubleDLL\ode\util.obj
         obj\DebugDoubleDLL\ode\IceAABB.obj
         obj\DebugDoubleDLL\ode\IceContainer.obj
         obj\DebugDoubleDLL\ode\IceHPoint.obj
         obj\DebugDoubleDLL\ode\IceIndexedTriangle.obj
         obj\DebugDoubleDLL\ode\IceMatrix3x3.obj
         obj\DebugDoubleDLL\ode\IceMatrix4x4.obj
         obj\DebugDoubleDLL\ode\IceOBB.obj
         obj\DebugDoubleDLL\ode\IcePlane.obj
         obj\DebugDoubleDLL\ode\IcePoint.obj
         obj\DebugDoubleDLL\ode\IceRandom.obj
         obj\DebugDoubleDLL\ode\IceRay.obj
         obj\DebugDoubleDLL\ode\IceRevisitedRadix.obj
         obj\DebugDoubleDLL\ode\IceSegment.obj
         obj\DebugDoubleDLL\ode\IceTriangle.obj
         obj\DebugDoubleDLL\ode\IceUtils.obj
         obj\DebugDoubleDLL\ode\Opcode.obj
         obj\DebugDoubleDLL\ode\OPC_AABBCollider.obj
         obj\DebugDoubleDLL\ode\OPC_AABBTree.obj
         obj\DebugDoubleDLL\ode\OPC_BaseModel.obj
         obj\DebugDoubleDLL\ode\OPC_Collider.obj
         obj\DebugDoubleDLL\ode\OPC_Common.obj
         obj\DebugDoubleDLL\ode\OPC_HybridModel.obj
         obj\DebugDoubleDLL\ode\OPC_LSSCollider.obj
         obj\DebugDoubleDLL\ode\OPC_MeshInterface.obj
         obj\DebugDoubleDLL\ode\OPC_Model.obj
         obj\DebugDoubleDLL\ode\OPC_OBBCollider.obj
         obj\DebugDoubleDLL\ode\OPC_OptimizedTree.obj
         obj\DebugDoubleDLL\ode\OPC_Picking.obj
         obj\DebugDoubleDLL\ode\OPC_PlanesCollider.obj
         obj\DebugDoubleDLL\ode\OPC_RayCollider.obj
         obj\DebugDoubleDLL\ode\OPC_SphereCollider.obj
         obj\DebugDoubleDLL\ode\OPC_TreeBuilders.obj
         obj\DebugDoubleDLL\ode\OPC_TreeCollider.obj
         obj\DebugDoubleDLL\ode\OPC_VolumeCollider.obj
            Creating library ..\..\lib\DebugDoubleDLL\ode_doubled.lib and object ..\..\lib\DebugDoubleDLL\ode_doubled.exp
       Manifest:
         C:\Program Files (x86)\Microsoft SDKs\Windows\v7.0A\bin\mt.exe /nologo /verbose /out:"obj\DebugDoubleDLL\ode\ode.dll.embed.manifest" /manifest obj\DebugDoubleDLL\ode\ode.dll.intermediate.manifest
         C:\Program Files (x86)\Microsoft SDKs\Windows\v7.0A\bin\rc.exe /nologo /fo"obj\DebugDoubleDLL\ode\ode.dll.embed.manifest.res" obj\DebugDoubleDLL\ode\ode_manifest.rc 
       LinkEmbedManifest:
         c:\Program Files (x86)\Microsoft Visual Studio 10.0\VC\bin\link.exe /ERRORREPORT:PROMPT /OUT:"..\..\lib\DebugDoubleDLL\ode_doubled.dll" /INCREMENTAL /NOLOGO user32.lib kernel32.lib user32.lib gdi32.lib winspool.lib comdlg32.lib advapi32.lib shell32.lib ole32.lib oleaut32.lib uuid.lib odbc32.lib odbccp32.lib /MANIFEST /ManifestFile:"obj\DebugDoubleDLL\ode\ode.dll.intermediate.manifest" /MANIFESTUAC:"level='asInvoker' uiAccess='false'" /DEBUG /PDB:"..\..\lib\DebugDoubleDLL\ode.pdb" /SUBSYSTEM:WINDOWS /TLBID:1 /DYNAMICBASE /NXCOMPAT /IMPLIB:"..\..\lib\DebugDoubleDLL\ode_doubled.lib" /MACHINE:X86 /DLL obj\DebugDoubleDLL\ode\ode.dll.embed.manifest.res
         obj\DebugDoubleDLL\ode\amotor.obj
         obj\DebugDoubleDLL\ode\ball.obj
         obj\DebugDoubleDLL\ode\contact.obj
         obj\DebugDoubleDLL\ode\fixed.obj
         obj\DebugDoubleDLL\ode\hinge.obj
         obj\DebugDoubleDLL\ode\hinge2.obj
         obj\DebugDoubleDLL\ode\joint.obj
         obj\DebugDoubleDLL\ode\lmotor.obj
         obj\DebugDoubleDLL\ode\null.obj
         obj\DebugDoubleDLL\ode\piston.obj
         obj\DebugDoubleDLL\ode\plane2d.obj
         obj\DebugDoubleDLL\ode\pr.obj
         obj\DebugDoubleDLL\ode\pu.obj
         obj\DebugDoubleDLL\ode\slider.obj
         obj\DebugDoubleDLL\ode\universal.obj
         obj\DebugDoubleDLL\ode\fastdot.obj
         obj\DebugDoubleDLL\ode\fastldlt.obj
         obj\DebugDoubleDLL\ode\fastlsolve.obj
         obj\DebugDoubleDLL\ode\fastltsolve.obj
         obj\DebugDoubleDLL\ode\array.obj
         obj\DebugDoubleDLL\ode\box.obj
         obj\DebugDoubleDLL\ode\capsule.obj
         obj\DebugDoubleDLL\ode\collision_cylinder_box.obj
         obj\DebugDoubleDLL\ode\collision_cylinder_plane.obj
         obj\DebugDoubleDLL\ode\collision_cylinder_sphere.obj
         obj\DebugDoubleDLL\ode\collision_cylinder_trimesh.obj
         obj\DebugDoubleDLL\ode\collision_kernel.obj
         obj\DebugDoubleDLL\ode\collision_quadtreespace.obj
         obj\DebugDoubleDLL\ode\collision_sapspace.obj
         obj\DebugDoubleDLL\ode\collision_space.obj
         obj\DebugDoubleDLL\ode\collision_transform.obj
         obj\DebugDoubleDLL\ode\collision_trimesh_box.obj
         obj\DebugDoubleDLL\ode\collision_trimesh_ccylinder.obj
         obj\DebugDoubleDLL\ode\collision_trimesh_disabled.obj
         obj\DebugDoubleDLL\ode\collision_trimesh_distance.obj
         obj\DebugDoubleDLL\ode\collision_trimesh_gimpact.obj
         obj\DebugDoubleDLL\ode\collision_trimesh_opcode.obj
         obj\DebugDoubleDLL\ode\collision_trimesh_plane.obj
         obj\DebugDoubleDLL\ode\collision_trimesh_ray.obj
         obj\DebugDoubleDLL\ode\collision_trimesh_sphere.obj
         obj\DebugDoubleDLL\ode\collision_trimesh_trimesh.obj
         obj\DebugDoubleDLL\ode\collision_trimesh_trimesh_new.obj
         obj\DebugDoubleDLL\ode\collision_util.obj
         obj\DebugDoubleDLL\ode\convex.obj
         obj\DebugDoubleDLL\ode\cylinder.obj
         obj\DebugDoubleDLL\ode\error.obj
         "obj\DebugDoubleDLL\ode\export-dif.obj"
         obj\DebugDoubleDLL\ode\heightfield.obj
         obj\DebugDoubleDLL\ode\lcp.obj
         obj\DebugDoubleDLL\ode\mass.obj
         obj\DebugDoubleDLL\ode\mat.obj
         obj\DebugDoubleDLL\ode\matrix.obj
         obj\DebugDoubleDLL\ode\memory.obj
         obj\DebugDoubleDLL\ode\misc.obj
         obj\DebugDoubleDLL\ode\obstack.obj
         obj\DebugDoubleDLL\ode\ode.obj
         obj\DebugDoubleDLL\ode\odeinit.obj
         obj\DebugDoubleDLL\ode\odemath.obj
         obj\DebugDoubleDLL\ode\odeou.obj
         obj\DebugDoubleDLL\ode\odetls.obj
         obj\DebugDoubleDLL\ode\plane.obj
         obj\DebugDoubleDLL\ode\quickstep.obj
         obj\DebugDoubleDLL\ode\ray.obj
         obj\DebugDoubleDLL\ode\rotation.obj
         obj\DebugDoubleDLL\ode\sphere.obj
         obj\DebugDoubleDLL\ode\step.obj
         obj\DebugDoubleDLL\ode\stepfast.obj
         obj\DebugDoubleDLL\ode\testing.obj
         obj\DebugDoubleDLL\ode\timer.obj
         obj\DebugDoubleDLL\ode\util.obj
         obj\DebugDoubleDLL\ode\IceAABB.obj
         obj\DebugDoubleDLL\ode\IceContainer.obj
         obj\DebugDoubleDLL\ode\IceHPoint.obj
         obj\DebugDoubleDLL\ode\IceIndexedTriangle.obj
         obj\DebugDoubleDLL\ode\IceMatrix3x3.obj
         obj\DebugDoubleDLL\ode\IceMatrix4x4.obj
         obj\DebugDoubleDLL\ode\IceOBB.obj
         obj\DebugDoubleDLL\ode\IcePlane.obj
         obj\DebugDoubleDLL\ode\IcePoint.obj
         obj\DebugDoubleDLL\ode\IceRandom.obj
         obj\DebugDoubleDLL\ode\IceRay.obj
         obj\DebugDoubleDLL\ode\IceRevisitedRadix.obj
         obj\DebugDoubleDLL\ode\IceSegment.obj
         obj\DebugDoubleDLL\ode\IceTriangle.obj
         obj\DebugDoubleDLL\ode\IceUtils.obj
         obj\DebugDoubleDLL\ode\Opcode.obj
         obj\DebugDoubleDLL\ode\OPC_AABBCollider.obj
         obj\DebugDoubleDLL\ode\OPC_AABBTree.obj
         obj\DebugDoubleDLL\ode\OPC_BaseModel.obj
         obj\DebugDoubleDLL\ode\OPC_Collider.obj
         obj\DebugDoubleDLL\ode\OPC_Common.obj
         obj\DebugDoubleDLL\ode\OPC_HybridModel.obj
         obj\DebugDoubleDLL\ode\OPC_LSSCollider.obj
         obj\DebugDoubleDLL\ode\OPC_MeshInterface.obj
         obj\DebugDoubleDLL\ode\OPC_Model.obj
         obj\DebugDoubleDLL\ode\OPC_OBBCollider.obj
         obj\DebugDoubleDLL\ode\OPC_OptimizedTree.obj
         obj\DebugDoubleDLL\ode\OPC_Picking.obj
         obj\DebugDoubleDLL\ode\OPC_PlanesCollider.obj
         obj\DebugDoubleDLL\ode\OPC_RayCollider.obj
         obj\DebugDoubleDLL\ode\OPC_SphereCollider.obj
         obj\DebugDoubleDLL\ode\OPC_TreeBuilders.obj
         obj\DebugDoubleDLL\ode\OPC_TreeCollider.obj
         obj\DebugDoubleDLL\ode\OPC_VolumeCollider.obj
            Creating library ..\..\lib\DebugDoubleDLL\ode_doubled.lib and object ..\..\lib\DebugDoubleDLL\ode_doubled.exp
         ode.vcxproj -> C:\Users\Ed\Documents\Visual Studio 2010\ode-0.11.1\build\vs2008\..\..\lib\DebugDoubleDLL\ode.dll
       FinalizeBuildStatus:
         Deleting file "obj\DebugDoubleDLL\ode\ode.unsuccessfulbuild".
         Touching "obj\DebugDoubleDLL\ode\ode.lastbuildstate".
     1>Done Building Project "C:\Users\Ed\Documents\Visual Studio 2010\ode-0.11.1\build\vs2008\ode.vcxproj" (build target(s)).

Build succeeded.

Time Elapsed 00:00:44.32
